Traceback (most recent call last):
  File "/home/runner/miniconda3/envs/healpix-cookbook-dev/lib/python3.10/site-packages/jupyter_core/utils/__init__.py", line 154, in wrapped
    asyncio.get_running_loop()
RuntimeError: no running event loop

During handling of the above exception, another exception occurred:

Traceback (most recent call last):
  File "/home/runner/miniconda3/envs/healpix-cookbook-dev/lib/python3.10/site-packages/jupyter_cache/executors/utils.py", line 58, in single_nb_execution
    executenb(
  File "/home/runner/miniconda3/envs/healpix-cookbook-dev/lib/python3.10/site-packages/nbclient/client.py", line 1319, in execute
    return NotebookClient(nb=nb, resources=resources, km=km, **kwargs).execute()
  File "/home/runner/miniconda3/envs/healpix-cookbook-dev/lib/python3.10/site-packages/jupyter_core/utils/__init__.py", line 158, in wrapped
    return loop.run_until_complete(inner)
  File "/home/runner/miniconda3/envs/healpix-cookbook-dev/lib/python3.10/asyncio/base_events.py", line 649, in run_until_complete
    return future.result()
  File "/home/runner/miniconda3/envs/healpix-cookbook-dev/lib/python3.10/site-packages/nbclient/client.py", line 709, in async_execute
    await self.async_execute_cell(
  File "/home/runner/miniconda3/envs/healpix-cookbook-dev/lib/python3.10/site-packages/nbclient/client.py", line 1062, in async_execute_cell
    await self._check_raise_for_error(cell, cell_index, exec_reply)
  File "/home/runner/miniconda3/envs/healpix-cookbook-dev/lib/python3.10/site-packages/nbclient/client.py", line 918, in _check_raise_for_error
    raise CellExecutionError.from_cell_and_msg(cell, exec_reply_content)
nbclient.exceptions.CellExecutionError: An error occurred while executing the following cell:
------------------
uxds = ux.UxDataset.from_healpix(ds)
uxds
------------------


[0;31m---------------------------------------------------------------------------[0m
[0;31mKeyError[0m                                  Traceback (most recent call last)
Cell [0;32mIn[4], line 1[0m
[0;32m----> 1[0m uxds [38;5;241m=[39m [43mux[49m[38;5;241;43m.[39;49m[43mUxDataset[49m[38;5;241;43m.[39;49m[43mfrom_healpix[49m[43m([49m[43mds[49m[43m)[49m
[1;32m      2[0m uxds

File [0;32m~/miniconda3/envs/healpix-cookbook-dev/lib/python3.10/site-packages/uxarray/core/dataset.py:328[0m, in [0;36mUxDataset.from_healpix[0;34m(cls, ds, pixels_only, face_dim, **kwargs)[0m
[1;32m    321[0m [38;5;66;03m# Attach a HEALPix Grid[39;00m
[1;32m    322[0m uxgrid [38;5;241m=[39m Grid[38;5;241m.[39mfrom_healpix(
[1;32m    323[0m     zoom[38;5;241m=[39mget_zoom_from_cells(ds[38;5;241m.[39msizes[face_dim]),
[1;32m    324[0m     pixels_only[38;5;241m=[39mpixels_only,
[1;32m    325[0m     [38;5;241m*[39m[38;5;241m*[39mkwargs,
[1;32m    326[0m )
[0;32m--> 328[0m [38;5;28;01mreturn[39;00m [38;5;28;43mcls[39;49m[38;5;241;43m.[39;49m[43mfrom_xarray[49m[43m([49m[43mds[49m[43m,[49m[43m [49m[43muxgrid[49m[43m,[49m[43m [49m[43m{[49m[43mface_dim[49m[43m:[49m[43m [49m[38;5;124;43m"[39;49m[38;5;124;43mn_face[39;49m[38;5;124;43m"[39;49m[43m}[49m[43m)[49m

File [0;32m~/miniconda3/envs/healpix-cookbook-dev/lib/python3.10/site-packages/uxarray/core/dataset.py:281[0m, in [0;36mUxDataset.from_xarray[0;34m(cls, ds, uxgrid, ugrid_dims)[0m
[1;32m    278[0m     ugrid_dims [38;5;241m=[39m uxgrid[38;5;241m.[39m_source_dims_dict
[1;32m    280[0m [38;5;66;03m# map each dimension to its UGRID equivalent[39;00m
[0;32m--> 281[0m ds [38;5;241m=[39m [43m_map_dims_to_ugrid[49m[43m([49m[43mds[49m[43m,[49m[43m [49m[43mugrid_dims[49m[43m,[49m[43m [49m[43muxgrid[49m[43m)[49m
[1;32m    283[0m [38;5;28;01mreturn[39;00m [38;5;28mcls[39m(ds, uxgrid[38;5;241m=[39muxgrid)

File [0;32m~/miniconda3/envs/healpix-cookbook-dev/lib/python3.10/site-packages/uxarray/core/utils.py:57[0m, in [0;36m_map_dims_to_ugrid[0;34m(ds, _source_dims_dict, grid)[0m
[1;32m     55[0m [38;5;28;01mif[39;00m ds[38;5;241m.[39msizes[dim] [38;5;241m==[39m grid[38;5;241m.[39mn_face:
[1;32m     56[0m     _source_dims_dict[dim] [38;5;241m=[39m [38;5;124m"[39m[38;5;124mn_face[39m[38;5;124m"[39m
[0;32m---> 57[0m [38;5;28;01melif[39;00m ds[38;5;241m.[39msizes[dim] [38;5;241m==[39m [43mgrid[49m[38;5;241;43m.[39;49m[43mn_node[49m:
[1;32m     58[0m     _source_dims_dict[dim] [38;5;241m=[39m [38;5;124m"[39m[38;5;124mn_node[39m[38;5;124m"[39m
[1;32m     59[0m [38;5;28;01melif[39;00m n_edge [38;5;129;01mis[39;00m [38;5;129;01mnot[39;00m [38;5;28;01mNone[39;00m:

File [0;32m~/miniconda3/envs/healpix-cookbook-dev/lib/python3.10/site-packages/uxarray/grid/grid.py:820[0m, in [0;36mGrid.n_node[0;34m(self)[0m
[1;32m    817[0m [38;5;129m@property[39m
[1;32m    818[0m [38;5;28;01mdef[39;00m[38;5;250m [39m[38;5;21mn_node[39m([38;5;28mself[39m) [38;5;241m-[39m[38;5;241m>[39m [38;5;28mint[39m:
[1;32m    819[0m [38;5;250m    [39m[38;5;124;03m"""Total number of nodes."""[39;00m
[0;32m--> 820[0m     [38;5;28;01mreturn[39;00m [38;5;28;43mself[39;49m[38;5;241;43m.[39;49m[43m_ds[49m[38;5;241;43m.[39;49m[43msizes[49m[43m[[49m[38;5;124;43m"[39;49m[38;5;124;43mn_node[39;49m[38;5;124;43m"[39;49m[43m][49m

File [0;32m~/miniconda3/envs/healpix-cookbook-dev/lib/python3.10/site-packages/xarray/core/utils.py:452[0m, in [0;36mFrozen.__getitem__[0;34m(self, key)[0m
[1;32m    451[0m [38;5;28;01mdef[39;00m[38;5;250m [39m[38;5;21m__getitem__[39m([38;5;28mself[39m, key: K) [38;5;241m-[39m[38;5;241m>[39m V:
[0;32m--> 452[0m     [38;5;28;01mreturn[39;00m [38;5;28;43mself[39;49m[38;5;241;43m.[39;49m[43mmapping[49m[43m[[49m[43mkey[49m[43m][49m

[0;31mKeyError[0m: 'n_node'

